2023-03-23 08:52:37.636 [info] Log level: Info
2023-03-23 08:52:37.636 [info] Validating found git in: "git"
2023-03-23 08:52:37.636 [info] Using git "2.25.1" from "git"
2023-03-23 08:52:37.636 [info] > git rev-parse --show-toplevel [5ms]
2023-03-23 08:52:37.636 [info] fatal: not a git repository (or any of the parent directories): .git
2023-03-23 08:52:37.636 [info] > git rev-parse --show-toplevel [6ms]
2023-03-23 08:52:37.636 [info] fatal: not a git repository (or any of the parent directories): .git
2023-03-23 08:52:37.636 [info] > git rev-parse --show-toplevel [1ms]
2023-03-23 08:52:37.636 [info] fatal: not a git repository (or any of the parent directories): .git
2023-03-23 08:52:37.636 [info] > git rev-parse --show-toplevel [9ms]
2023-03-23 08:52:37.636 [info] fatal: not a git repository (or any of the parent directories): .git
2023-03-23 08:52:37.636 [info] > git rev-parse --show-toplevel [1ms]
2023-03-23 08:52:37.636 [info] fatal: not a git repository (or any of the parent directories): .git
2023-03-23 08:52:37.636 [info] > git rev-parse --show-toplevel [0ms]
2023-03-23 08:52:37.636 [info] fatal: not a git repository (or any of the parent directories): .git
2023-03-23 08:52:37.636 [info] > git rev-parse --show-toplevel [1ms]
2023-03-23 08:52:37.636 [info] fatal: not a git repository (or any of the parent directories): .git
2023-03-23 08:52:37.636 [info] > git rev-parse --show-toplevel [1ms]
2023-03-23 08:52:37.636 [info] fatal: not a git repository (or any of the parent directories): .git
2023-03-23 08:52:37.636 [info] > git rev-parse --show-toplevel [1ms]
2023-03-23 08:52:37.636 [info] > git rev-parse --git-dir --git-common-dir [1ms]
2023-03-23 08:52:37.636 [info] Open repository: /home/dci-student/.nvm
2023-03-23 08:52:37.636 [info] > git config --get commit.template [1ms]
2023-03-23 08:52:37.636 [info] > git rev-parse --show-toplevel [8ms]
2023-03-23 08:52:37.636 [info] fatal: not a git repository (or any of the parent directories): .git
2023-03-23 08:52:37.636 [info] > git for-each-ref --format %(refname) %(objectname) %(*objectname) refs/tags [2ms]
2023-03-23 08:52:37.636 [info] > git rev-parse --show-toplevel [16ms]
2023-03-23 08:52:37.636 [info] fatal: not a git repository (or any of the parent directories): .git
2023-03-23 08:52:37.636 [info] > git status -z -uall [18ms]
2023-03-23 08:52:37.636 [info] > git rev-parse --show-toplevel [8ms]
2023-03-23 08:52:37.636 [info] fatal: not a git repository (or any of the parent directories): .git
2023-03-23 08:52:37.636 [info] > git for-each-ref --sort -committerdate --format %(refname) %(objectname) %(*objectname) [18ms]
2023-03-23 08:52:37.636 [info] > git rev-parse --show-toplevel [11ms]
2023-03-23 08:52:37.636 [info] fatal: not a git repository (or any of the parent directories): .git
2023-03-23 08:52:37.636 [info] > git rev-parse --show-toplevel [4ms]
2023-03-23 08:52:37.636 [info] fatal: not a git repository (or any of the parent directories): .git
2023-03-23 08:52:37.636 [info] > git config --get commit.template [14ms]
2023-03-23 08:52:37.636 [info] > git rev-parse --show-toplevel [1ms]
2023-03-23 08:52:37.636 [info] fatal: not a git repository (or any of the parent directories): .git
2023-03-23 08:52:37.636 [info] > git for-each-ref --format %(refname) %(objectname) %(*objectname) refs/tags [1ms]
2023-03-23 08:52:37.636 [info] > git rev-parse --show-toplevel [20ms]
2023-03-23 08:52:37.636 [info] fatal: not a git repository (or any of the parent directories): .git
2023-03-23 08:52:37.636 [info] > git status -z -uall [13ms]
2023-03-23 08:52:37.636 [info] > git rev-parse --show-toplevel [2ms]
2023-03-23 08:52:37.636 [info] fatal: not a git repository (or any of the parent directories): .git
2023-03-23 08:52:37.636 [info] > git for-each-ref --sort -committerdate --format %(refname) %(objectname) %(*objectname) [11ms]
2023-03-23 08:52:37.636 [info] > git rev-parse --show-toplevel [9ms]
2023-03-23 08:52:37.636 [info] fatal: not a git repository (or any of the parent directories): .git
2023-03-23 08:52:37.636 [info] > git rev-parse --show-toplevel [6ms]
2023-03-23 08:52:37.636 [info] fatal: not a git repository (or any of the parent directories): .git
2023-03-23 08:52:37.636 [info] > git rev-parse --show-toplevel [81ms]
2023-03-23 08:52:37.636 [info] fatal: not a git repository (or any of the parent directories): .git
2023-03-23 08:52:37.636 [info] > git rev-parse --show-toplevel [55ms]
2023-03-23 08:52:37.636 [info] fatal: not a git repository (or any of the parent directories): .git
2023-03-23 08:52:37.637 [info] > git rev-parse --show-toplevel [9ms]
2023-03-23 08:52:37.637 [info] fatal: not a git repository (or any of the parent directories): .git
2023-03-23 08:52:37.652 [info] > git rev-parse --show-toplevel [6ms]
2023-03-23 08:52:37.652 [info] fatal: not a git repository (or any of the parent directories): .git
2023-03-23 08:52:37.659 [info] > git rev-parse --show-toplevel [1ms]
2023-03-23 08:52:37.659 [info] fatal: not a git repository (or any of the parent directories): .git
2023-03-23 08:52:37.693 [info] > git rev-parse --show-toplevel [3ms]
2023-03-23 08:52:37.693 [info] fatal: not a git repository (or any of the parent directories): .git
2023-03-23 08:52:37.790 [info] > git rev-parse --show-toplevel [2ms]
2023-03-23 08:52:37.790 [info] fatal: not a git repository (or any of the parent directories): .git
