2023-03-23 13:11:11.274 [info] Log level: Info
2023-03-23 13:11:11.274 [info] Validating found git in: "git"
2023-03-23 13:11:11.274 [info] Using git "2.25.1" from "git"
2023-03-23 13:11:11.287 [info] > git rev-parse --show-toplevel [14ms]
2023-03-23 13:11:11.325 [info] > git rev-parse --git-dir --git-common-dir [9ms]
2023-03-23 13:11:11.342 [info] Open repository: /home/dci-student
2023-03-23 13:11:11.473 [info] > git rev-parse --show-toplevel [120ms]
2023-03-23 13:11:11.558 [info] > git rev-parse --show-toplevel [76ms]
2023-03-23 13:11:11.571 [info] > git config --get commit.template [96ms]
2023-03-23 13:11:11.575 [info] > git rev-parse --show-toplevel [7ms]
2023-03-23 13:11:11.610 [info] No remotes found in the git config file.
2023-03-23 13:11:11.612 [info] > git rev-parse --show-toplevel [21ms]
2023-03-23 13:11:11.640 [info] > git rev-parse --show-toplevel [11ms]
2023-03-23 13:11:11.652 [info] > git for-each-ref --format=%(refname)%00%(upstream:short)%00%(objectname)%00%(upstream:track)%00%(upstream:remotename)%00%(upstream:remoteref) refs/heads/master refs/remotes/master [44ms]
2023-03-23 13:11:11.698 [info] > git rev-parse --show-toplevel [47ms]
2023-03-23 13:11:11.737 [info] > git rev-parse --show-toplevel [5ms]
2023-03-23 13:11:11.748 [info] > git for-each-ref --sort -committerdate --format %(refname) %(objectname) %(*objectname) [52ms]
2023-03-23 13:11:11.750 [info] > git rev-parse --show-toplevel [4ms]
2023-03-23 13:11:11.776 [info] > git rev-parse --show-toplevel [9ms]
2023-03-23 13:11:11.795 [info] > git rev-parse --git-dir --git-common-dir [5ms]
2023-03-23 13:11:11.805 [info] Open repository: /home/dci-student/.nvm
2023-03-23 13:11:11.861 [info] > git config --get commit.template [14ms]
2023-03-23 13:11:11.862 [info] > git rev-parse --show-toplevel [32ms]
2023-03-23 13:11:11.894 [info] > git rev-parse --show-toplevel [18ms]
2023-03-23 13:11:11.927 [info] > git for-each-ref --format %(refname) %(objectname) %(*objectname) refs/tags [13ms]
2023-03-23 13:11:11.952 [info] > git rev-parse --show-toplevel [49ms]
2023-03-23 13:11:11.963 [info] > git status -z -uall [286ms] (cancelled)
2023-03-23 13:11:11.963 [info] > git status -z -uall [22ms]
2023-03-23 13:11:11.963 [info] > git for-each-ref --sort -committerdate --format %(refname) %(objectname) %(*objectname) [12ms]
2023-03-23 13:11:11.980 [info] > git rev-parse --show-toplevel [20ms]
2023-03-23 13:11:11.990 [info] > git config --get commit.template [11ms]
2023-03-23 13:11:11.992 [info] > git rev-parse --show-toplevel [3ms]
2023-03-23 13:11:12.012 [info] > git rev-parse --show-toplevel [8ms]
2023-03-23 13:11:12.029 [info] > git rev-parse --show-toplevel [2ms]
2023-03-23 13:11:12.038 [info] > git for-each-ref --format %(refname) %(objectname) %(*objectname) refs/tags [27ms]
2023-03-23 13:11:12.058 [info] > git status -z -uall [11ms]
2023-03-23 13:11:12.058 [info] > git rev-parse --show-toplevel [20ms]
2023-03-23 13:11:12.069 [info] > git for-each-ref --sort -committerdate --format %(refname) %(objectname) %(*objectname) [12ms]
2023-03-23 13:11:12.072 [info] > git rev-parse --show-toplevel [4ms]
2023-03-23 13:11:12.085 [info] > git rev-parse --show-toplevel [3ms]
2023-03-23 13:11:12.101 [info] > git rev-parse --show-toplevel [2ms]
2023-03-23 13:11:12.110 [info] > git rev-parse --show-toplevel [1ms]
2023-03-23 13:11:12.119 [info] > git rev-parse --show-toplevel [2ms]
2023-03-23 13:11:12.133 [info] > git rev-parse --show-toplevel [4ms]
2023-03-23 13:11:12.411 [info] > git check-ignore -v -z --stdin [19ms]
2023-03-23 13:11:12.414 [info] > git check-ignore -v -z --stdin [7ms]
2023-03-23 13:11:13.000 [info] > git show --textconv :project/file.txt [27ms]
2023-03-23 13:11:13.001 [info] > git ls-files --stage -- /home/dci-student/project/file.txt [11ms]
2023-03-23 13:11:18.402 [info] > git config --get commit.template [10ms]
2023-03-23 13:11:18.421 [info] No remotes found in the git config file.
2023-03-23 13:11:18.428 [info] > git for-each-ref --format=%(refname)%00%(upstream:short)%00%(objectname)%00%(upstream:track)%00%(upstream:remotename)%00%(upstream:remoteref) refs/heads/master refs/remotes/master [8ms]
2023-03-23 13:11:18.453 [info] > git for-each-ref --sort -committerdate --format %(refname) %(objectname) %(*objectname) [0ms]
2023-03-23 13:11:18.623 [info] > git status -z -uall [183ms] (cancelled)
2023-03-23 13:11:21.939 [info] > git check-ignore -v -z --stdin [2ms]
2023-03-23 13:11:22.854 [info] > git check-ignore -v -z --stdin [21ms]
2023-03-23 13:11:22.855 [info] > git check-ignore -v -z --stdin [3ms]
2023-03-23 13:12:26.016 [info] > git check-ignore -v -z --stdin [1ms]
