0 verbose cli /home/dci-student/.nvm/versions/node/v19.6.0/bin/node /home/dci-student/.nvm/versions/node/v19.6.0/bin/npm
1 info using npm@9.4.0
2 info using node@v19.6.0
3 timing npm:load:whichnode Completed in 1ms
4 timing config:load:defaults Completed in 2ms
5 timing config:load:file:/home/dci-student/.nvm/versions/node/v19.6.0/lib/node_modules/npm/npmrc Completed in 0ms
6 timing config:load:builtin Completed in 0ms
7 timing config:load:cli Completed in 2ms
8 timing config:load:env Completed in 0ms
9 timing config:load:project Completed in 2ms
10 timing config:load:file:/home/dci-student/.npmrc Completed in 0ms
11 timing config:load:user Completed in 0ms
12 timing config:load:file:/home/dci-student/.nvm/versions/node/v19.6.0/etc/npmrc Completed in 0ms
13 timing config:load:global Completed in 0ms
14 timing config:load:setEnvs Completed in 1ms
15 timing config:load Completed in 9ms
16 timing npm:load:configload Completed in 9ms
17 timing npm:load:mkdirpcache Completed in 0ms
18 timing npm:load:mkdirplogs Completed in 0ms
19 verbose title npm config get prefix
20 verbose argv "config" "--loglevel" "warn" "get" "prefix"
21 timing npm:load:setTitle Completed in 3ms
22 timing config:load:flatten Completed in 9ms
23 timing npm:load:display Completed in 12ms
24 verbose logfile logs-max:10 dir:/home/dci-student/.npm/_logs/2023-03-23T11_49_04_163Z-
25 verbose logfile /home/dci-student/.npm/_logs/2023-03-23T11_49_04_163Z-debug-0.log
26 timing npm:load:logFile Completed in 8ms
27 timing npm:load:timers Completed in 0ms
28 timing npm:load:configScope Completed in 0ms
29 timing npm:load Completed in 35ms
30 timing command:config Completed in 4ms
31 verbose exit 0
32 timing npm Completed in 50ms
33 info ok
