2023-03-23 08:51:54.847 [info] Log level: Info
2023-03-23 08:51:54.847 [info] Validating found git in: "git"
2023-03-23 08:51:54.847 [info] Using git "2.25.1" from "git"
2023-03-23 08:51:54.847 [info] > git rev-parse --show-toplevel [5ms]
2023-03-23 08:51:54.847 [info] fatal: not a git repository (or any of the parent directories): .git
2023-03-23 08:51:54.847 [info] > git rev-parse --show-toplevel [5ms]
2023-03-23 08:51:54.847 [info] fatal: not a git repository (or any of the parent directories): .git
2023-03-23 08:51:54.847 [info] > git rev-parse --show-toplevel [1ms]
2023-03-23 08:51:54.847 [info] fatal: not a git repository (or any of the parent directories): .git
2023-03-23 08:51:54.847 [info] > git rev-parse --show-toplevel [1ms]
2023-03-23 08:51:54.847 [info] fatal: not a git repository (or any of the parent directories): .git
2023-03-23 08:51:54.847 [info] > git rev-parse --show-toplevel [1ms]
2023-03-23 08:51:54.847 [info] fatal: not a git repository (or any of the parent directories): .git
2023-03-23 08:51:54.847 [info] > git rev-parse --show-toplevel [1ms]
2023-03-23 08:51:54.847 [info] fatal: not a git repository (or any of the parent directories): .git
2023-03-23 08:51:54.847 [info] > git rev-parse --show-toplevel [3ms]
2023-03-23 08:51:54.847 [info] fatal: not a git repository (or any of the parent directories): .git
2023-03-23 08:51:54.847 [info] > git rev-parse --show-toplevel [4ms]
2023-03-23 08:51:54.847 [info] fatal: not a git repository (or any of the parent directories): .git
2023-03-23 08:51:54.847 [info] > git rev-parse --show-toplevel [8ms]
2023-03-23 08:51:54.847 [info] > git rev-parse --git-dir --git-common-dir [11ms]
2023-03-23 08:51:54.847 [info] Open repository: /home/dci-student/.nvm
2023-03-23 08:51:54.865 [info] > git rev-parse --show-toplevel [18ms]
2023-03-23 08:51:54.865 [info] fatal: not a git repository (or any of the parent directories): .git
2023-03-23 08:51:54.895 [info] > git rev-parse --show-toplevel [3ms]
2023-03-23 08:51:54.896 [info] fatal: not a git repository (or any of the parent directories): .git
2023-03-23 08:51:54.903 [info] > git config --get commit.template [49ms]
2023-03-23 08:51:54.963 [info] > git rev-parse --show-toplevel [61ms]
2023-03-23 08:51:54.963 [info] fatal: not a git repository (or any of the parent directories): .git
2023-03-23 08:51:54.977 [info] > git rev-parse --show-toplevel [8ms]
2023-03-23 08:51:54.977 [info] fatal: not a git repository (or any of the parent directories): .git
2023-03-23 08:51:54.989 [info] > git rev-parse --show-toplevel [7ms]
2023-03-23 08:51:54.989 [info] fatal: not a git repository (or any of the parent directories): .git
2023-03-23 08:51:54.993 [info] > git for-each-ref --format %(refname) %(objectname) %(*objectname) refs/tags [17ms]
2023-03-23 08:51:55.008 [info] > git status -z -uall [10ms]
2023-03-23 08:51:55.008 [info] > git for-each-ref --sort -committerdate --format %(refname) %(objectname) %(*objectname) [1ms]
2023-03-23 08:51:55.015 [info] > git rev-parse --show-toplevel [22ms]
2023-03-23 08:51:55.015 [info] fatal: not a git repository (or any of the parent directories): .git
2023-03-23 08:51:55.025 [info] > git rev-parse --show-toplevel [6ms]
2023-03-23 08:51:55.025 [info] fatal: not a git repository (or any of the parent directories): .git
2023-03-23 08:51:55.030 [info] > git config --get commit.template [6ms]
2023-03-23 08:51:55.032 [info] > git rev-parse --show-toplevel [3ms]
2023-03-23 08:51:55.032 [info] fatal: not a git repository (or any of the parent directories): .git
2023-03-23 08:51:55.042 [info] > git rev-parse --show-toplevel [5ms]
2023-03-23 08:51:55.042 [info] fatal: not a git repository (or any of the parent directories): .git
2023-03-23 08:51:55.049 [info] > git for-each-ref --format %(refname) %(objectname) %(*objectname) refs/tags [8ms]
2023-03-23 08:51:55.062 [info] > git status -z -uall [7ms]
2023-03-23 08:51:55.062 [info] > git rev-parse --show-toplevel [14ms]
2023-03-23 08:51:55.062 [info] fatal: not a git repository (or any of the parent directories): .git
2023-03-23 08:51:55.067 [info] > git for-each-ref --sort -committerdate --format %(refname) %(objectname) %(*objectname) [5ms]
2023-03-23 08:51:55.069 [info] > git rev-parse --show-toplevel [3ms]
2023-03-23 08:51:55.069 [info] fatal: not a git repository (or any of the parent directories): .git
2023-03-23 08:51:55.073 [info] > git rev-parse --show-toplevel [1ms]
2023-03-23 08:51:55.073 [info] fatal: not a git repository (or any of the parent directories): .git
2023-03-23 08:51:55.079 [info] > git rev-parse --show-toplevel [1ms]
2023-03-23 08:51:55.079 [info] fatal: not a git repository (or any of the parent directories): .git
2023-03-23 08:51:55.095 [info] > git rev-parse --show-toplevel [12ms]
2023-03-23 08:51:55.095 [info] fatal: not a git repository (or any of the parent directories): .git
2023-03-23 08:51:55.102 [info] > git rev-parse --show-toplevel [2ms]
2023-03-23 08:51:55.102 [info] fatal: not a git repository (or any of the parent directories): .git
2023-03-23 08:51:55.251 [info] > git rev-parse --show-toplevel [3ms]
2023-03-23 08:51:55.251 [info] fatal: not a git repository (or any of the parent directories): .git
2023-03-23 08:51:59.874 [info] > git check-ignore -v -z --stdin [2ms]
