2023-03-23 12:48:53.468 [info] Log level: Info
2023-03-23 12:48:53.468 [info] Validating found git in: "git"
2023-03-23 12:48:53.468 [info] Using git "2.25.1" from "git"
2023-03-23 12:48:53.468 [info] > git rev-parse --show-toplevel [38ms]
2023-03-23 12:48:53.468 [info] fatal: not a git repository (or any of the parent directories): .git
2023-03-23 12:48:53.468 [info] > git rev-parse --show-toplevel [20ms]
2023-03-23 12:48:53.468 [info] fatal: not a git repository (or any of the parent directories): .git
2023-03-23 12:48:53.468 [info] > git rev-parse --show-toplevel [6ms]
2023-03-23 12:48:53.468 [info] fatal: not a git repository (or any of the parent directories): .git
2023-03-23 12:48:53.468 [info] > git rev-parse --show-toplevel [48ms]
2023-03-23 12:48:53.468 [info] fatal: not a git repository (or any of the parent directories): .git
2023-03-23 12:48:53.468 [info] > git rev-parse --show-toplevel [16ms]
2023-03-23 12:48:53.468 [info] fatal: not a git repository (or any of the parent directories): .git
2023-03-23 12:48:53.468 [info] > git rev-parse --show-toplevel [9ms]
2023-03-23 12:48:53.468 [info] fatal: not a git repository (or any of the parent directories): .git
2023-03-23 12:48:53.468 [info] > git rev-parse --show-toplevel [3ms]
2023-03-23 12:48:53.468 [info] fatal: not a git repository (or any of the parent directories): .git
2023-03-23 12:48:53.468 [info] > git rev-parse --show-toplevel [166ms]
2023-03-23 12:48:53.468 [info] fatal: not a git repository (or any of the parent directories): .git
2023-03-23 12:48:53.468 [info] > git rev-parse --show-toplevel [134ms]
2023-03-23 12:48:53.468 [info] fatal: not a git repository (or any of the parent directories): .git
2023-03-23 12:48:53.473 [info] > git rev-parse --show-toplevel [23ms]
2023-03-23 12:48:53.503 [info] > git rev-parse --git-dir --git-common-dir [7ms]
2023-03-23 12:48:53.543 [info] Open repository: /home/dci-student/.nvm
2023-03-23 12:48:53.602 [info] > git rev-parse --show-toplevel [32ms]
2023-03-23 12:48:53.602 [info] fatal: not a git repository (or any of the parent directories): .git
2023-03-23 12:48:53.627 [info] > git rev-parse --show-toplevel [12ms]
2023-03-23 12:48:53.627 [info] fatal: not a git repository (or any of the parent directories): .git
2023-03-23 12:48:53.649 [info] > git config --get commit.template [51ms]
2023-03-23 12:48:53.664 [info] > git rev-parse --show-toplevel [15ms]
2023-03-23 12:48:53.664 [info] fatal: not a git repository (or any of the parent directories): .git
2023-03-23 12:48:53.752 [info] > git rev-parse --show-toplevel [63ms]
2023-03-23 12:48:53.753 [info] fatal: not a git repository (or any of the parent directories): .git
2023-03-23 12:48:53.781 [info] > git rev-parse --show-toplevel [3ms]
2023-03-23 12:48:53.782 [info] fatal: not a git repository (or any of the parent directories): .git
2023-03-23 12:48:53.805 [info] > git for-each-ref --format %(refname) %(objectname) %(*objectname) refs/tags [54ms]
2023-03-23 12:48:53.837 [info] > git rev-parse --show-toplevel [33ms]
2023-03-23 12:48:53.837 [info] fatal: not a git repository (or any of the parent directories): .git
2023-03-23 12:48:53.878 [info] > git status -z -uall [53ms]
2023-03-23 12:48:53.878 [info] > git rev-parse --show-toplevel [6ms]
2023-03-23 12:48:53.878 [info] fatal: not a git repository (or any of the parent directories): .git
2023-03-23 12:48:53.902 [info] > git for-each-ref --sort -committerdate --format %(refname) %(objectname) %(*objectname) [65ms]
2023-03-23 12:48:53.942 [info] > git rev-parse --show-toplevel [45ms]
2023-03-23 12:48:53.942 [info] fatal: not a git repository (or any of the parent directories): .git
2023-03-23 12:48:53.974 [info] > git config --get commit.template [33ms]
2023-03-23 12:48:53.982 [info] > git rev-parse --show-toplevel [10ms]
2023-03-23 12:48:53.982 [info] fatal: not a git repository (or any of the parent directories): .git
2023-03-23 12:48:54.063 [info] > git for-each-ref --format %(refname) %(objectname) %(*objectname) refs/tags [12ms]
2023-03-23 12:48:54.124 [info] > git rev-parse --show-toplevel [114ms]
2023-03-23 12:48:54.128 [info] fatal: not a git repository (or any of the parent directories): .git
2023-03-23 12:48:54.189 [info] > git status -z -uall [98ms]
2023-03-23 12:48:54.190 [info] > git rev-parse --show-toplevel [33ms]
2023-03-23 12:48:54.190 [info] fatal: not a git repository (or any of the parent directories): .git
2023-03-23 12:48:54.220 [info] > git for-each-ref --sort -committerdate --format %(refname) %(objectname) %(*objectname) [99ms]
2023-03-23 12:48:54.277 [info] > git check-ignore -v -z --stdin [14ms]
2023-03-23 12:48:54.280 [info] > git rev-parse --show-toplevel [60ms]
2023-03-23 12:48:54.280 [info] fatal: not a git repository (or any of the parent directories): .git
2023-03-23 12:48:54.337 [info] > git rev-parse --show-toplevel [38ms]
2023-03-23 12:48:54.337 [info] fatal: not a git repository (or any of the parent directories): .git
2023-03-23 12:48:54.370 [info] > git rev-parse --show-toplevel [2ms]
2023-03-23 12:48:54.370 [info] fatal: not a git repository (or any of the parent directories): .git
2023-03-23 12:48:54.399 [info] > git rev-parse --show-toplevel [14ms]
2023-03-23 12:48:54.399 [info] fatal: not a git repository (or any of the parent directories): .git
2023-03-23 12:48:54.444 [info] > git rev-parse --show-toplevel [11ms]
2023-03-23 12:48:54.444 [info] fatal: not a git repository (or any of the parent directories): .git
2023-03-23 12:48:54.482 [info] > git rev-parse --show-toplevel [7ms]
2023-03-23 12:48:54.482 [info] fatal: not a git repository (or any of the parent directories): .git
2023-03-23 12:48:55.844 [info] > git rev-parse --show-toplevel [1ms]
2023-03-23 12:48:55.847 [info] fatal: not a git repository (or any of the parent directories): .git
2023-03-23 12:48:56.588 [info] > git rev-parse --show-toplevel [6ms]
2023-03-23 12:48:56.588 [info] fatal: not a git repository (or any of the parent directories): .git
2023-03-23 12:48:57.346 [info] > git rev-parse --show-toplevel [8ms]
2023-03-23 12:48:57.346 [info] fatal: not a git repository (or any of the parent directories): .git
2023-03-23 13:08:35.232 [info] > git rev-parse --show-toplevel [2ms]
2023-03-23 13:08:35.243 [info] > git rev-parse --git-dir --git-common-dir [1ms]
2023-03-23 13:08:35.258 [info] Open repository: /home/dci-student
2023-03-23 13:08:35.273 [info] No remotes found in the git config file.
2023-03-23 13:08:35.274 [info] > git for-each-ref --format=%(refname)%00%(upstream:short)%00%(objectname)%00%(upstream:track)%00%(upstream:remotename)%00%(upstream:remoteref) refs/heads/master refs/remotes/master [1ms]
2023-03-23 13:08:35.275 [info] > git config --get commit.template [7ms]
2023-03-23 13:08:35.287 [info] > git for-each-ref --sort -committerdate --format %(refname) %(objectname) %(*objectname) [1ms]
2023-03-23 13:08:35.361 [info] > git status -z -uall [81ms] (cancelled)
2023-03-23 13:08:35.568 [info] > git show --textconv :project/file.txt [8ms]
2023-03-23 13:08:35.568 [info] > git ls-files --stage -- /home/dci-student/project/file.txt [1ms]
2023-03-23 13:08:35.838 [info] > git check-ignore -v -z --stdin [12ms]
2023-03-23 13:08:35.839 [info] > git check-ignore -v -z --stdin [2ms]
2023-03-23 13:10:03.291 [info] > git ls-files --stage -- /home/dci-student/project/file.txt [2ms]
2023-03-23 13:10:03.305 [info] > git show --textconv :project/file.txt [1ms]
2023-03-23 13:10:15.759 [info] > git check-ignore -v -z --stdin [2ms]
2023-03-23 13:10:32.314 [info] > git check-ignore -v -z --stdin [3ms]
