2023-03-23 09:22:34.173 [info] Log level: Info
2023-03-23 09:22:34.173 [info] Validating found git in: "git"
2023-03-23 09:22:34.173 [info] Using git "2.25.1" from "git"
2023-03-23 09:22:34.173 [info] > git rev-parse --show-toplevel [6ms]
2023-03-23 09:22:34.173 [info] fatal: not a git repository (or any of the parent directories): .git
2023-03-23 09:22:34.173 [info] > git rev-parse --show-toplevel [9ms]
2023-03-23 09:22:34.173 [info] fatal: not a git repository (or any of the parent directories): .git
2023-03-23 09:22:34.173 [info] > git rev-parse --show-toplevel [9ms]
2023-03-23 09:22:34.173 [info] fatal: not a git repository (or any of the parent directories): .git
2023-03-23 09:22:34.173 [info] > git rev-parse --show-toplevel [7ms]
2023-03-23 09:22:34.173 [info] fatal: not a git repository (or any of the parent directories): .git
2023-03-23 09:22:34.173 [info] > git rev-parse --show-toplevel [1ms]
2023-03-23 09:22:34.173 [info] fatal: not a git repository (or any of the parent directories): .git
2023-03-23 09:22:34.173 [info] > git rev-parse --show-toplevel [1ms]
2023-03-23 09:22:34.173 [info] fatal: not a git repository (or any of the parent directories): .git
2023-03-23 09:22:34.173 [info] > git rev-parse --show-toplevel [4ms]
2023-03-23 09:22:34.173 [info] fatal: not a git repository (or any of the parent directories): .git
2023-03-23 09:22:34.173 [info] > git rev-parse --show-toplevel [1ms]
2023-03-23 09:22:34.173 [info] fatal: not a git repository (or any of the parent directories): .git
2023-03-23 09:22:34.173 [info] > git rev-parse --show-toplevel [104ms]
2023-03-23 09:22:34.175 [info] > git rev-parse --git-dir --git-common-dir [20ms]
2023-03-23 09:22:34.212 [info] Open repository: /home/dci-student/.nvm
2023-03-23 09:22:34.250 [info] > git rev-parse --show-toplevel [20ms]
2023-03-23 09:22:34.251 [info] fatal: not a git repository (or any of the parent directories): .git
2023-03-23 09:22:34.296 [info] > git rev-parse --show-toplevel [12ms]
2023-03-23 09:22:34.296 [info] fatal: not a git repository (or any of the parent directories): .git
2023-03-23 09:22:34.308 [info] > git config --get commit.template [60ms]
2023-03-23 09:22:34.326 [info] > git rev-parse --show-toplevel [20ms]
2023-03-23 09:22:34.326 [info] fatal: not a git repository (or any of the parent directories): .git
2023-03-23 09:22:34.367 [info] > git for-each-ref --format %(refname) %(objectname) %(*objectname) refs/tags [6ms]
2023-03-23 09:22:34.404 [info] > git rev-parse --show-toplevel [65ms]
2023-03-23 09:22:34.404 [info] fatal: not a git repository (or any of the parent directories): .git
2023-03-23 09:22:34.431 [info] > git status -z -uall [55ms]
2023-03-23 09:22:34.431 [info] > git for-each-ref --sort -committerdate --format %(refname) %(objectname) %(*objectname) [29ms]
2023-03-23 09:22:34.465 [info] > git rev-parse --show-toplevel [36ms]
2023-03-23 09:22:34.465 [info] fatal: not a git repository (or any of the parent directories): .git
2023-03-23 09:22:34.477 [info] > git config --get commit.template [12ms]
2023-03-23 09:22:34.568 [info] > git rev-parse --show-toplevel [94ms]
2023-03-23 09:22:34.568 [info] fatal: not a git repository (or any of the parent directories): .git
2023-03-23 09:22:34.605 [info] > git rev-parse --show-toplevel [30ms]
2023-03-23 09:22:34.605 [info] fatal: not a git repository (or any of the parent directories): .git
2023-03-23 09:22:34.633 [info] > git rev-parse --show-toplevel [1ms]
2023-03-23 09:22:34.633 [info] fatal: not a git repository (or any of the parent directories): .git
2023-03-23 09:22:34.640 [info] > git for-each-ref --format %(refname) %(objectname) %(*objectname) refs/tags [36ms]
2023-03-23 09:22:34.662 [info] > git status -z -uall [8ms]
2023-03-23 09:22:34.662 [info] > git rev-parse --show-toplevel [22ms]
2023-03-23 09:22:34.662 [info] fatal: not a git repository (or any of the parent directories): .git
2023-03-23 09:22:34.669 [info] > git rev-parse --show-toplevel [2ms]
2023-03-23 09:22:34.669 [info] fatal: not a git repository (or any of the parent directories): .git
2023-03-23 09:22:34.674 [info] > git for-each-ref --sort -committerdate --format %(refname) %(objectname) %(*objectname) [13ms]
2023-03-23 09:22:34.678 [info] > git rev-parse --show-toplevel [3ms]
2023-03-23 09:22:34.678 [info] fatal: not a git repository (or any of the parent directories): .git
2023-03-23 09:22:34.687 [info] > git rev-parse --show-toplevel [5ms]
2023-03-23 09:22:34.687 [info] fatal: not a git repository (or any of the parent directories): .git
2023-03-23 09:22:34.719 [info] > git rev-parse --show-toplevel [25ms]
2023-03-23 09:22:34.719 [info] fatal: not a git repository (or any of the parent directories): .git
2023-03-23 09:22:34.748 [info] > git rev-parse --show-toplevel [18ms]
2023-03-23 09:22:34.748 [info] fatal: not a git repository (or any of the parent directories): .git
2023-03-23 09:22:34.795 [info] > git rev-parse --show-toplevel [36ms]
2023-03-23 09:22:34.795 [info] fatal: not a git repository (or any of the parent directories): .git
2023-03-23 09:22:34.808 [info] > git rev-parse --show-toplevel [4ms]
2023-03-23 09:22:34.808 [info] fatal: not a git repository (or any of the parent directories): .git
2023-03-23 09:22:34.965 [info] > git rev-parse --show-toplevel [2ms]
2023-03-23 09:22:34.965 [info] fatal: not a git repository (or any of the parent directories): .git
2023-03-23 09:31:37.950 [info] > git check-ignore -v -z --stdin [3ms]
2023-03-23 12:05:54.177 [info] > git rev-parse --show-toplevel [4ms]
2023-03-23 12:05:54.177 [info] fatal: not a git repository (or any of the parent directories): .git
